INFO - 2018-02-25 18:48:54 --> Config Class Initialized
INFO - 2018-02-25 18:48:54 --> Hooks Class Initialized
DEBUG - 2018-02-25 18:48:54 --> UTF-8 Support Enabled
INFO - 2018-02-25 18:48:54 --> Utf8 Class Initialized
INFO - 2018-02-25 18:48:54 --> URI Class Initialized
DEBUG - 2018-02-25 18:48:54 --> No URI present. Default controller set.
INFO - 2018-02-25 18:48:54 --> Router Class Initialized
INFO - 2018-02-25 18:48:54 --> Output Class Initialized
INFO - 2018-02-25 18:48:54 --> Security Class Initialized
DEBUG - 2018-02-25 18:48:54 --> Global POST, GET and COOKIE data sanitized
INFO - 2018-02-25 18:48:54 --> Input Class Initialized
INFO - 2018-02-25 18:48:54 --> Language Class Initialized
INFO - 2018-02-25 18:48:54 --> Loader Class Initialized
INFO - 2018-02-25 18:48:54 --> Helper loaded: date_helper
INFO - 2018-02-25 18:48:54 --> Database Driver Class Initialized
ERROR - 2018-02-25 18:48:54 --> Severity: Warning --> mysqli::real_connect(): (HY000/2002): No such file or directory /Users/Sami/Dropbox (Personal)/Workspace/Ballorah-community/system/database/drivers/mysqli/mysqli_driver.php 201
ERROR - 2018-02-25 18:48:54 --> Unable to connect to the database
INFO - 2018-02-25 18:48:54 --> Language file loaded: language/english/db_lang.php
ERROR - 2018-02-25 18:48:54 --> Severity: Warning --> Cannot modify header information - headers already sent by (output started at /Users/Sami/Dropbox (Personal)/Workspace/Ballorah-community/system/core/Exceptions.php:271) /Users/Sami/Dropbox (Personal)/Workspace/Ballorah-community/system/core/Common.php 564
INFO - 2018-02-25 22:22:58 --> Config Class Initialized
INFO - 2018-02-25 22:22:58 --> Hooks Class Initialized
DEBUG - 2018-02-25 22:22:58 --> UTF-8 Support Enabled
INFO - 2018-02-25 22:22:58 --> Utf8 Class Initialized
INFO - 2018-02-25 22:22:59 --> URI Class Initialized
DEBUG - 2018-02-25 22:22:59 --> No URI present. Default controller set.
INFO - 2018-02-25 22:22:59 --> Router Class Initialized
INFO - 2018-02-25 22:22:59 --> Output Class Initialized
INFO - 2018-02-25 22:22:59 --> Security Class Initialized
DEBUG - 2018-02-25 22:22:59 --> Global POST, GET and COOKIE data sanitized
INFO - 2018-02-25 22:22:59 --> Input Class Initialized
INFO - 2018-02-25 22:22:59 --> Language Class Initialized
INFO - 2018-02-25 22:22:59 --> Loader Class Initialized
INFO - 2018-02-25 22:22:59 --> Helper loaded: date_helper
INFO - 2018-02-25 22:22:59 --> Database Driver Class Initialized
INFO - 2018-02-25 22:23:00 --> Email Class Initialized
DEBUG - 2018-02-25 22:23:00 --> Session: "sess_save_path" is empty; using "session.save_path" value from php.ini.
INFO - 2018-02-25 22:23:00 --> Session: Class initialized using 'files' driver.
INFO - 2018-02-25 22:23:00 --> Controller Class Initialized
INFO - 2018-02-25 22:23:00 --> Helper loaded: url_helper
INFO - 2018-02-25 22:23:00 --> Helper loaded: html_helper
INFO - 2018-02-25 22:23:00 --> Helper loaded: common_helper
DEBUG - 2018-02-25 22:23:00 --> Session class already loaded. Second attempt ignored.
INFO - 2018-02-25 22:23:00 --> Config Class Initialized
INFO - 2018-02-25 22:23:00 --> Hooks Class Initialized
DEBUG - 2018-02-25 22:23:00 --> UTF-8 Support Enabled
INFO - 2018-02-25 22:23:00 --> Utf8 Class Initialized
INFO - 2018-02-25 22:23:00 --> URI Class Initialized
INFO - 2018-02-25 22:23:00 --> Router Class Initialized
INFO - 2018-02-25 22:23:00 --> Output Class Initialized
INFO - 2018-02-25 22:23:00 --> Security Class Initialized
DEBUG - 2018-02-25 22:23:00 --> Global POST, GET and COOKIE data sanitized
INFO - 2018-02-25 22:23:00 --> Input Class Initialized
INFO - 2018-02-25 22:23:00 --> Language Class Initialized
INFO - 2018-02-25 22:23:00 --> Loader Class Initialized
INFO - 2018-02-25 22:23:00 --> Helper loaded: date_helper
INFO - 2018-02-25 22:23:00 --> Database Driver Class Initialized
INFO - 2018-02-25 22:23:00 --> Email Class Initialized
DEBUG - 2018-02-25 22:23:00 --> Session: "sess_save_path" is empty; using "session.save_path" value from php.ini.
INFO - 2018-02-25 22:23:00 --> Session: Class initialized using 'files' driver.
INFO - 2018-02-25 22:23:00 --> Controller Class Initialized
INFO - 2018-02-25 22:23:00 --> Helper loaded: common_helper
INFO - 2018-02-25 22:23:00 --> Helper loaded: url_helper
INFO - 2018-02-25 22:23:00 --> Helper loaded: html_helper
INFO - 2018-02-25 22:23:00 --> Helper loaded: form_helper
INFO - 2018-02-25 22:23:00 --> Helper loaded: security_helper
DEBUG - 2018-02-25 22:23:00 --> Session class already loaded. Second attempt ignored.
INFO - 2018-02-25 22:23:00 --> Form Validation Class Initialized
INFO - 2018-02-25 22:23:00 --> Model "User_model" initialized
INFO - 2018-02-25 22:23:00 --> File loaded: /Users/Sami/Dropbox (Personal)/Workspace/Ballorah-community/application/views/login_view.php
INFO - 2018-02-25 22:23:00 --> Final output sent to browser
DEBUG - 2018-02-25 22:23:00 --> Total execution time: 0.0532
INFO - 2018-02-25 22:23:00 --> Config Class Initialized
INFO - 2018-02-25 22:23:00 --> Hooks Class Initialized
DEBUG - 2018-02-25 22:23:00 --> UTF-8 Support Enabled
INFO - 2018-02-25 22:23:00 --> Utf8 Class Initialized
INFO - 2018-02-25 22:23:00 --> URI Class Initialized
INFO - 2018-02-25 22:23:00 --> Router Class Initialized
INFO - 2018-02-25 22:23:00 --> Output Class Initialized
INFO - 2018-02-25 22:23:00 --> Security Class Initialized
DEBUG - 2018-02-25 22:23:00 --> Global POST, GET and COOKIE data sanitized
INFO - 2018-02-25 22:23:00 --> Input Class Initialized
INFO - 2018-02-25 22:23:00 --> Language Class Initialized
ERROR - 2018-02-25 22:23:00 --> 404 Page Not Found: Assets/css
INFO - 2018-02-25 22:23:05 --> Config Class Initialized
INFO - 2018-02-25 22:23:05 --> Hooks Class Initialized
DEBUG - 2018-02-25 22:23:05 --> UTF-8 Support Enabled
INFO - 2018-02-25 22:23:05 --> Utf8 Class Initialized
INFO - 2018-02-25 22:23:05 --> URI Class Initialized
INFO - 2018-02-25 22:23:05 --> Router Class Initialized
INFO - 2018-02-25 22:23:05 --> Output Class Initialized
INFO - 2018-02-25 22:23:05 --> Security Class Initialized
DEBUG - 2018-02-25 22:23:05 --> Global POST, GET and COOKIE data sanitized
INFO - 2018-02-25 22:23:05 --> Input Class Initialized
INFO - 2018-02-25 22:23:05 --> Language Class Initialized
INFO - 2018-02-25 22:23:05 --> Loader Class Initialized
INFO - 2018-02-25 22:23:05 --> Helper loaded: date_helper
INFO - 2018-02-25 22:23:05 --> Database Driver Class Initialized
INFO - 2018-02-25 22:23:05 --> Email Class Initialized
DEBUG - 2018-02-25 22:23:05 --> Session: "sess_save_path" is empty; using "session.save_path" value from php.ini.
INFO - 2018-02-25 22:23:05 --> Session: Class initialized using 'files' driver.
INFO - 2018-02-25 22:23:05 --> Controller Class Initialized
INFO - 2018-02-25 22:23:05 --> Helper loaded: common_helper
INFO - 2018-02-25 22:23:05 --> Helper loaded: url_helper
INFO - 2018-02-25 22:23:05 --> Helper loaded: html_helper
INFO - 2018-02-25 22:23:05 --> Helper loaded: form_helper
INFO - 2018-02-25 22:23:05 --> Helper loaded: security_helper
DEBUG - 2018-02-25 22:23:05 --> Session class already loaded. Second attempt ignored.
INFO - 2018-02-25 22:23:05 --> Form Validation Class Initialized
INFO - 2018-02-25 22:23:05 --> Model "User_model" initialized
INFO - 2018-02-25 22:23:05 --> File loaded: /Users/Sami/Dropbox (Personal)/Workspace/Ballorah-community/application/views/login_view.php
INFO - 2018-02-25 22:23:05 --> Final output sent to browser
DEBUG - 2018-02-25 22:23:05 --> Total execution time: 0.1023
INFO - 2018-02-25 22:23:11 --> Config Class Initialized
INFO - 2018-02-25 22:23:11 --> Hooks Class Initialized
DEBUG - 2018-02-25 22:23:11 --> UTF-8 Support Enabled
INFO - 2018-02-25 22:23:11 --> Utf8 Class Initialized
INFO - 2018-02-25 22:23:11 --> URI Class Initialized
INFO - 2018-02-25 22:23:11 --> Router Class Initialized
INFO - 2018-02-25 22:23:11 --> Output Class Initialized
INFO - 2018-02-25 22:23:11 --> Security Class Initialized
DEBUG - 2018-02-25 22:23:11 --> Global POST, GET and COOKIE data sanitized
INFO - 2018-02-25 22:23:11 --> Input Class Initialized
INFO - 2018-02-25 22:23:11 --> Language Class Initialized
ERROR - 2018-02-25 22:23:11 --> 404 Page Not Found: Assets/css
INFO - 2018-02-25 22:23:22 --> Config Class Initialized
INFO - 2018-02-25 22:23:22 --> Hooks Class Initialized
DEBUG - 2018-02-25 22:23:22 --> UTF-8 Support Enabled
INFO - 2018-02-25 22:23:22 --> Utf8 Class Initialized
INFO - 2018-02-25 22:23:22 --> URI Class Initialized
INFO - 2018-02-25 22:23:22 --> Router Class Initialized
INFO - 2018-02-25 22:23:22 --> Output Class Initialized
INFO - 2018-02-25 22:23:22 --> Security Class Initialized
DEBUG - 2018-02-25 22:23:22 --> Global POST, GET and COOKIE data sanitized
INFO - 2018-02-25 22:23:22 --> Input Class Initialized
INFO - 2018-02-25 22:23:22 --> Language Class Initialized
INFO - 2018-02-25 22:23:22 --> Loader Class Initialized
INFO - 2018-02-25 22:23:22 --> Helper loaded: date_helper
INFO - 2018-02-25 22:23:22 --> Database Driver Class Initialized
INFO - 2018-02-25 22:23:22 --> Email Class Initialized
DEBUG - 2018-02-25 22:23:22 --> Session: "sess_save_path" is empty; using "session.save_path" value from php.ini.
INFO - 2018-02-25 22:23:22 --> Session: Class initialized using 'files' driver.
INFO - 2018-02-25 22:23:22 --> Controller Class Initialized
INFO - 2018-02-25 22:23:22 --> Helper loaded: common_helper
INFO - 2018-02-25 22:23:22 --> Helper loaded: url_helper
INFO - 2018-02-25 22:23:22 --> Helper loaded: html_helper
INFO - 2018-02-25 22:23:22 --> Helper loaded: form_helper
INFO - 2018-02-25 22:23:22 --> Helper loaded: security_helper
DEBUG - 2018-02-25 22:23:22 --> Session class already loaded. Second attempt ignored.
INFO - 2018-02-25 22:23:22 --> Form Validation Class Initialized
INFO - 2018-02-25 22:23:22 --> Model "User_model" initialized
INFO - 2018-02-25 22:23:22 --> File loaded: /Users/Sami/Dropbox (Personal)/Workspace/Ballorah-community/application/views/login_view.php
INFO - 2018-02-25 22:23:22 --> Final output sent to browser
DEBUG - 2018-02-25 22:23:22 --> Total execution time: 0.1453
INFO - 2018-02-25 22:23:22 --> Config Class Initialized
INFO - 2018-02-25 22:23:22 --> Hooks Class Initialized
DEBUG - 2018-02-25 22:23:22 --> UTF-8 Support Enabled
INFO - 2018-02-25 22:23:22 --> Utf8 Class Initialized
INFO - 2018-02-25 22:23:22 --> URI Class Initialized
INFO - 2018-02-25 22:23:22 --> Router Class Initialized
INFO - 2018-02-25 22:23:22 --> Output Class Initialized
INFO - 2018-02-25 22:23:22 --> Security Class Initialized
DEBUG - 2018-02-25 22:23:22 --> Global POST, GET and COOKIE data sanitized
INFO - 2018-02-25 22:23:22 --> Input Class Initialized
INFO - 2018-02-25 22:23:22 --> Language Class Initialized
ERROR - 2018-02-25 22:23:22 --> 404 Page Not Found: Assets/css
INFO - 2018-02-25 22:23:27 --> Config Class Initialized
INFO - 2018-02-25 22:23:27 --> Hooks Class Initialized
DEBUG - 2018-02-25 22:23:27 --> UTF-8 Support Enabled
INFO - 2018-02-25 22:23:27 --> Utf8 Class Initialized
INFO - 2018-02-25 22:23:27 --> URI Class Initialized
INFO - 2018-02-25 22:23:27 --> Router Class Initialized
INFO - 2018-02-25 22:23:27 --> Output Class Initialized
INFO - 2018-02-25 22:23:27 --> Security Class Initialized
DEBUG - 2018-02-25 22:23:27 --> Global POST, GET and COOKIE data sanitized
INFO - 2018-02-25 22:23:27 --> Input Class Initialized
INFO - 2018-02-25 22:23:27 --> Language Class Initialized
INFO - 2018-02-25 22:23:27 --> Loader Class Initialized
INFO - 2018-02-25 22:23:27 --> Helper loaded: date_helper
INFO - 2018-02-25 22:23:27 --> Database Driver Class Initialized
INFO - 2018-02-25 22:23:27 --> Email Class Initialized
DEBUG - 2018-02-25 22:23:27 --> Session: "sess_save_path" is empty; using "session.save_path" value from php.ini.
INFO - 2018-02-25 22:23:27 --> Session: Class initialized using 'files' driver.
INFO - 2018-02-25 22:23:27 --> Controller Class Initialized
INFO - 2018-02-25 22:23:27 --> Helper loaded: common_helper
INFO - 2018-02-25 22:23:27 --> Helper loaded: url_helper
INFO - 2018-02-25 22:23:27 --> Helper loaded: html_helper
INFO - 2018-02-25 22:23:27 --> Helper loaded: form_helper
INFO - 2018-02-25 22:23:27 --> Helper loaded: security_helper
DEBUG - 2018-02-25 22:23:27 --> Session class already loaded. Second attempt ignored.
INFO - 2018-02-25 22:23:27 --> Form Validation Class Initialized
INFO - 2018-02-25 22:23:27 --> Model "User_model" initialized
INFO - 2018-02-25 22:23:27 --> Language file loaded: language/english/form_validation_lang.php
INFO - 2018-02-25 22:23:28 --> Config Class Initialized
INFO - 2018-02-25 22:23:28 --> Hooks Class Initialized
DEBUG - 2018-02-25 22:23:28 --> UTF-8 Support Enabled
INFO - 2018-02-25 22:23:28 --> Utf8 Class Initialized
INFO - 2018-02-25 22:23:28 --> URI Class Initialized
DEBUG - 2018-02-25 22:23:28 --> No URI present. Default controller set.
INFO - 2018-02-25 22:23:28 --> Router Class Initialized
INFO - 2018-02-25 22:23:28 --> Output Class Initialized
INFO - 2018-02-25 22:23:28 --> Security Class Initialized
DEBUG - 2018-02-25 22:23:28 --> Global POST, GET and COOKIE data sanitized
INFO - 2018-02-25 22:23:28 --> Input Class Initialized
INFO - 2018-02-25 22:23:28 --> Language Class Initialized
INFO - 2018-02-25 22:23:28 --> Loader Class Initialized
INFO - 2018-02-25 22:23:28 --> Helper loaded: date_helper
INFO - 2018-02-25 22:23:28 --> Database Driver Class Initialized
INFO - 2018-02-25 22:23:28 --> Email Class Initialized
DEBUG - 2018-02-25 22:23:28 --> Session: "sess_save_path" is empty; using "session.save_path" value from php.ini.
INFO - 2018-02-25 22:23:28 --> Session: Class initialized using 'files' driver.
INFO - 2018-02-25 22:23:28 --> Controller Class Initialized
INFO - 2018-02-25 22:23:28 --> Helper loaded: url_helper
INFO - 2018-02-25 22:23:28 --> Helper loaded: html_helper
INFO - 2018-02-25 22:23:28 --> Helper loaded: common_helper
DEBUG - 2018-02-25 22:23:28 --> Session class already loaded. Second attempt ignored.
INFO - 2018-02-25 22:23:28 --> File loaded: /Users/Sami/Dropbox (Personal)/Workspace/Ballorah-community/application/views/header_view.php
INFO - 2018-02-25 22:23:28 --> File loaded: /Users/Sami/Dropbox (Personal)/Workspace/Ballorah-community/application/views/sidemenu_view.php
INFO - 2018-02-25 22:23:28 --> File loaded: /Users/Sami/Dropbox (Personal)/Workspace/Ballorah-community/application/views/topbar_view.php
INFO - 2018-02-25 22:23:28 --> File loaded: /Users/Sami/Dropbox (Personal)/Workspace/Ballorah-community/application/views/home_view.php
INFO - 2018-02-25 22:23:28 --> File loaded: /Users/Sami/Dropbox (Personal)/Workspace/Ballorah-community/application/views/footer_view.php
INFO - 2018-02-25 22:23:28 --> Final output sent to browser
DEBUG - 2018-02-25 22:23:28 --> Total execution time: 0.0241
INFO - 2018-02-25 22:23:37 --> Config Class Initialized
INFO - 2018-02-25 22:23:37 --> Hooks Class Initialized
DEBUG - 2018-02-25 22:23:37 --> UTF-8 Support Enabled
INFO - 2018-02-25 22:23:37 --> Utf8 Class Initialized
INFO - 2018-02-25 22:23:37 --> URI Class Initialized
DEBUG - 2018-02-25 22:23:37 --> No URI present. Default controller set.
INFO - 2018-02-25 22:23:37 --> Router Class Initialized
INFO - 2018-02-25 22:23:37 --> Output Class Initialized
INFO - 2018-02-25 22:23:37 --> Security Class Initialized
DEBUG - 2018-02-25 22:23:37 --> Global POST, GET and COOKIE data sanitized
INFO - 2018-02-25 22:23:37 --> Input Class Initialized
INFO - 2018-02-25 22:23:37 --> Language Class Initialized
INFO - 2018-02-25 22:23:37 --> Loader Class Initialized
INFO - 2018-02-25 22:23:37 --> Helper loaded: date_helper
INFO - 2018-02-25 22:23:37 --> Database Driver Class Initialized
INFO - 2018-02-25 22:23:37 --> Email Class Initialized
DEBUG - 2018-02-25 22:23:37 --> Session: "sess_save_path" is empty; using "session.save_path" value from php.ini.
INFO - 2018-02-25 22:23:37 --> Session: Class initialized using 'files' driver.
INFO - 2018-02-25 22:23:37 --> Controller Class Initialized
INFO - 2018-02-25 22:23:37 --> Helper loaded: url_helper
INFO - 2018-02-25 22:23:37 --> Helper loaded: html_helper
INFO - 2018-02-25 22:23:37 --> Helper loaded: common_helper
DEBUG - 2018-02-25 22:23:37 --> Session class already loaded. Second attempt ignored.
INFO - 2018-02-25 22:23:37 --> File loaded: /Users/Sami/Dropbox (Personal)/Workspace/Ballorah-community/application/views/header_view.php
INFO - 2018-02-25 22:23:37 --> File loaded: /Users/Sami/Dropbox (Personal)/Workspace/Ballorah-community/application/views/sidemenu_view.php
INFO - 2018-02-25 22:23:37 --> File loaded: /Users/Sami/Dropbox (Personal)/Workspace/Ballorah-community/application/views/topbar_view.php
INFO - 2018-02-25 22:23:37 --> File loaded: /Users/Sami/Dropbox (Personal)/Workspace/Ballorah-community/application/views/home_view.php
INFO - 2018-02-25 22:23:37 --> File loaded: /Users/Sami/Dropbox (Personal)/Workspace/Ballorah-community/application/views/footer_view.php
INFO - 2018-02-25 22:23:37 --> Final output sent to browser
DEBUG - 2018-02-25 22:23:37 --> Total execution time: 0.0564
INFO - 2018-02-25 22:24:55 --> Config Class Initialized
INFO - 2018-02-25 22:24:55 --> Hooks Class Initialized
DEBUG - 2018-02-25 22:24:55 --> UTF-8 Support Enabled
INFO - 2018-02-25 22:24:55 --> Utf8 Class Initialized
INFO - 2018-02-25 22:24:55 --> URI Class Initialized
INFO - 2018-02-25 22:24:55 --> Router Class Initialized
INFO - 2018-02-25 22:24:55 --> Output Class Initialized
INFO - 2018-02-25 22:24:55 --> Security Class Initialized
DEBUG - 2018-02-25 22:24:55 --> Global POST, GET and COOKIE data sanitized
INFO - 2018-02-25 22:24:55 --> Input Class Initialized
INFO - 2018-02-25 22:24:55 --> Language Class Initialized
INFO - 2018-02-25 22:24:55 --> Loader Class Initialized
INFO - 2018-02-25 22:24:55 --> Helper loaded: date_helper
INFO - 2018-02-25 22:24:55 --> Database Driver Class Initialized
INFO - 2018-02-25 22:24:55 --> Email Class Initialized
DEBUG - 2018-02-25 22:24:55 --> Session: "sess_save_path" is empty; using "session.save_path" value from php.ini.
INFO - 2018-02-25 22:24:55 --> Session: Class initialized using 'files' driver.
INFO - 2018-02-25 22:24:55 --> Controller Class Initialized
INFO - 2018-02-25 22:24:55 --> Helper loaded: common_helper
INFO - 2018-02-25 22:24:55 --> Helper loaded: url_helper
INFO - 2018-02-25 22:24:55 --> Helper loaded: html_helper
INFO - 2018-02-25 22:24:55 --> Helper loaded: form_helper
INFO - 2018-02-25 22:24:55 --> Helper loaded: security_helper
DEBUG - 2018-02-25 22:24:55 --> Session class already loaded. Second attempt ignored.
INFO - 2018-02-25 22:24:55 --> Form Validation Class Initialized
INFO - 2018-02-25 22:24:55 --> Model "User_model" initialized
INFO - 2018-02-25 22:24:55 --> Config Class Initialized
INFO - 2018-02-25 22:24:55 --> Hooks Class Initialized
DEBUG - 2018-02-25 22:24:55 --> UTF-8 Support Enabled
INFO - 2018-02-25 22:24:55 --> Utf8 Class Initialized
INFO - 2018-02-25 22:24:55 --> URI Class Initialized
INFO - 2018-02-25 22:24:55 --> Router Class Initialized
INFO - 2018-02-25 22:24:55 --> Output Class Initialized
INFO - 2018-02-25 22:24:55 --> Security Class Initialized
DEBUG - 2018-02-25 22:24:55 --> Global POST, GET and COOKIE data sanitized
INFO - 2018-02-25 22:24:55 --> Input Class Initialized
INFO - 2018-02-25 22:24:55 --> Language Class Initialized
INFO - 2018-02-25 22:24:55 --> Loader Class Initialized
INFO - 2018-02-25 22:24:55 --> Helper loaded: date_helper
INFO - 2018-02-25 22:24:55 --> Database Driver Class Initialized
INFO - 2018-02-25 22:24:55 --> Email Class Initialized
DEBUG - 2018-02-25 22:24:55 --> Session: "sess_save_path" is empty; using "session.save_path" value from php.ini.
INFO - 2018-02-25 22:24:55 --> Session: Class initialized using 'files' driver.
INFO - 2018-02-25 22:24:55 --> Controller Class Initialized
INFO - 2018-02-25 22:24:55 --> Helper loaded: common_helper
INFO - 2018-02-25 22:24:55 --> Helper loaded: url_helper
INFO - 2018-02-25 22:24:55 --> Helper loaded: html_helper
INFO - 2018-02-25 22:24:55 --> Helper loaded: form_helper
INFO - 2018-02-25 22:24:55 --> Helper loaded: security_helper
DEBUG - 2018-02-25 22:24:55 --> Session class already loaded. Second attempt ignored.
INFO - 2018-02-25 22:24:55 --> Form Validation Class Initialized
INFO - 2018-02-25 22:24:55 --> Model "User_model" initialized
INFO - 2018-02-25 22:24:55 --> File loaded: /Users/Sami/Dropbox (Personal)/Workspace/Ballorah-community/application/views/login_view.php
INFO - 2018-02-25 22:24:55 --> Final output sent to browser
DEBUG - 2018-02-25 22:24:55 --> Total execution time: 0.0260
INFO - 2018-02-25 22:24:57 --> Config Class Initialized
INFO - 2018-02-25 22:24:57 --> Hooks Class Initialized
DEBUG - 2018-02-25 22:24:57 --> UTF-8 Support Enabled
INFO - 2018-02-25 22:24:57 --> Utf8 Class Initialized
INFO - 2018-02-25 22:24:57 --> URI Class Initialized
INFO - 2018-02-25 22:24:57 --> Router Class Initialized
INFO - 2018-02-25 22:24:57 --> Output Class Initialized
INFO - 2018-02-25 22:24:57 --> Security Class Initialized
DEBUG - 2018-02-25 22:24:57 --> Global POST, GET and COOKIE data sanitized
INFO - 2018-02-25 22:24:57 --> Input Class Initialized
INFO - 2018-02-25 22:24:57 --> Language Class Initialized
INFO - 2018-02-25 22:24:57 --> Loader Class Initialized
INFO - 2018-02-25 22:24:57 --> Helper loaded: date_helper
INFO - 2018-02-25 22:24:57 --> Database Driver Class Initialized
INFO - 2018-02-25 22:24:57 --> Email Class Initialized
DEBUG - 2018-02-25 22:24:57 --> Session: "sess_save_path" is empty; using "session.save_path" value from php.ini.
INFO - 2018-02-25 22:24:57 --> Session: Class initialized using 'files' driver.
INFO - 2018-02-25 22:24:57 --> Controller Class Initialized
INFO - 2018-02-25 22:24:57 --> Helper loaded: common_helper
INFO - 2018-02-25 22:24:57 --> Helper loaded: url_helper
INFO - 2018-02-25 22:24:57 --> Helper loaded: html_helper
INFO - 2018-02-25 22:24:57 --> Helper loaded: form_helper
INFO - 2018-02-25 22:24:57 --> Helper loaded: security_helper
DEBUG - 2018-02-25 22:24:57 --> Session class already loaded. Second attempt ignored.
INFO - 2018-02-25 22:24:57 --> Form Validation Class Initialized
INFO - 2018-02-25 22:24:57 --> Model "User_model" initialized
INFO - 2018-02-25 22:24:57 --> File loaded: /Users/Sami/Dropbox (Personal)/Workspace/Ballorah-community/application/views/login_view.php
INFO - 2018-02-25 22:24:57 --> Final output sent to browser
DEBUG - 2018-02-25 22:24:57 --> Total execution time: 0.0541
INFO - 2018-02-25 22:24:59 --> Config Class Initialized
INFO - 2018-02-25 22:24:59 --> Hooks Class Initialized
DEBUG - 2018-02-25 22:24:59 --> UTF-8 Support Enabled
INFO - 2018-02-25 22:24:59 --> Utf8 Class Initialized
INFO - 2018-02-25 22:24:59 --> URI Class Initialized
INFO - 2018-02-25 22:24:59 --> Router Class Initialized
INFO - 2018-02-25 22:24:59 --> Output Class Initialized
INFO - 2018-02-25 22:24:59 --> Security Class Initialized
DEBUG - 2018-02-25 22:24:59 --> Global POST, GET and COOKIE data sanitized
INFO - 2018-02-25 22:24:59 --> Input Class Initialized
INFO - 2018-02-25 22:24:59 --> Language Class Initialized
INFO - 2018-02-25 22:24:59 --> Loader Class Initialized
INFO - 2018-02-25 22:24:59 --> Helper loaded: date_helper
INFO - 2018-02-25 22:24:59 --> Database Driver Class Initialized
INFO - 2018-02-25 22:24:59 --> Email Class Initialized
DEBUG - 2018-02-25 22:24:59 --> Session: "sess_save_path" is empty; using "session.save_path" value from php.ini.
INFO - 2018-02-25 22:24:59 --> Session: Class initialized using 'files' driver.
INFO - 2018-02-25 22:24:59 --> Controller Class Initialized
INFO - 2018-02-25 22:24:59 --> Helper loaded: common_helper
INFO - 2018-02-25 22:24:59 --> Helper loaded: url_helper
INFO - 2018-02-25 22:24:59 --> Helper loaded: html_helper
INFO - 2018-02-25 22:24:59 --> Helper loaded: form_helper
INFO - 2018-02-25 22:24:59 --> Helper loaded: security_helper
DEBUG - 2018-02-25 22:24:59 --> Session class already loaded. Second attempt ignored.
INFO - 2018-02-25 22:24:59 --> Form Validation Class Initialized
INFO - 2018-02-25 22:24:59 --> Model "User_model" initialized
INFO - 2018-02-25 22:24:59 --> Language file loaded: language/english/form_validation_lang.php
INFO - 2018-02-25 22:24:59 --> Config Class Initialized
INFO - 2018-02-25 22:24:59 --> Hooks Class Initialized
DEBUG - 2018-02-25 22:24:59 --> UTF-8 Support Enabled
INFO - 2018-02-25 22:24:59 --> Utf8 Class Initialized
INFO - 2018-02-25 22:24:59 --> URI Class Initialized
DEBUG - 2018-02-25 22:24:59 --> No URI present. Default controller set.
INFO - 2018-02-25 22:24:59 --> Router Class Initialized
INFO - 2018-02-25 22:24:59 --> Output Class Initialized
INFO - 2018-02-25 22:24:59 --> Security Class Initialized
DEBUG - 2018-02-25 22:24:59 --> Global POST, GET and COOKIE data sanitized
INFO - 2018-02-25 22:24:59 --> Input Class Initialized
INFO - 2018-02-25 22:24:59 --> Language Class Initialized
INFO - 2018-02-25 22:24:59 --> Loader Class Initialized
INFO - 2018-02-25 22:24:59 --> Helper loaded: date_helper
INFO - 2018-02-25 22:24:59 --> Database Driver Class Initialized
INFO - 2018-02-25 22:24:59 --> Email Class Initialized
DEBUG - 2018-02-25 22:24:59 --> Session: "sess_save_path" is empty; using "session.save_path" value from php.ini.
INFO - 2018-02-25 22:24:59 --> Session: Class initialized using 'files' driver.
INFO - 2018-02-25 22:24:59 --> Controller Class Initialized
INFO - 2018-02-25 22:24:59 --> Helper loaded: url_helper
INFO - 2018-02-25 22:24:59 --> Helper loaded: html_helper
INFO - 2018-02-25 22:24:59 --> Helper loaded: common_helper
DEBUG - 2018-02-25 22:24:59 --> Session class already loaded. Second attempt ignored.
INFO - 2018-02-25 22:24:59 --> File loaded: /Users/Sami/Dropbox (Personal)/Workspace/Ballorah-community/application/views/header_view.php
INFO - 2018-02-25 22:24:59 --> File loaded: /Users/Sami/Dropbox (Personal)/Workspace/Ballorah-community/application/views/sidemenu_view.php
INFO - 2018-02-25 22:24:59 --> File loaded: /Users/Sami/Dropbox (Personal)/Workspace/Ballorah-community/application/views/topbar_view.php
INFO - 2018-02-25 22:24:59 --> File loaded: /Users/Sami/Dropbox (Personal)/Workspace/Ballorah-community/application/views/home_view.php
INFO - 2018-02-25 22:24:59 --> File loaded: /Users/Sami/Dropbox (Personal)/Workspace/Ballorah-community/application/views/footer_view.php
INFO - 2018-02-25 22:24:59 --> Final output sent to browser
DEBUG - 2018-02-25 22:24:59 --> Total execution time: 0.0127
INFO - 2018-02-25 22:25:17 --> Config Class Initialized
INFO - 2018-02-25 22:25:17 --> Hooks Class Initialized
DEBUG - 2018-02-25 22:25:17 --> UTF-8 Support Enabled
INFO - 2018-02-25 22:25:17 --> Utf8 Class Initialized
INFO - 2018-02-25 22:25:17 --> URI Class Initialized
INFO - 2018-02-25 22:25:17 --> Router Class Initialized
INFO - 2018-02-25 22:25:17 --> Output Class Initialized
INFO - 2018-02-25 22:25:17 --> Security Class Initialized
DEBUG - 2018-02-25 22:25:17 --> Global POST, GET and COOKIE data sanitized
INFO - 2018-02-25 22:25:17 --> Input Class Initialized
INFO - 2018-02-25 22:25:17 --> Language Class Initialized
INFO - 2018-02-25 22:25:17 --> Loader Class Initialized
INFO - 2018-02-25 22:25:17 --> Helper loaded: date_helper
INFO - 2018-02-25 22:25:17 --> Database Driver Class Initialized
INFO - 2018-02-25 22:25:17 --> Email Class Initialized
DEBUG - 2018-02-25 22:25:17 --> Session: "sess_save_path" is empty; using "session.save_path" value from php.ini.
INFO - 2018-02-25 22:25:17 --> Session: Class initialized using 'files' driver.
INFO - 2018-02-25 22:25:17 --> Controller Class Initialized
INFO - 2018-02-25 22:25:17 --> Helper loaded: common_helper
INFO - 2018-02-25 22:25:17 --> Helper loaded: url_helper
INFO - 2018-02-25 22:25:17 --> Helper loaded: html_helper
INFO - 2018-02-25 22:25:17 --> Helper loaded: form_helper
INFO - 2018-02-25 22:25:17 --> Helper loaded: security_helper
DEBUG - 2018-02-25 22:25:17 --> Session class already loaded. Second attempt ignored.
INFO - 2018-02-25 22:25:17 --> Form Validation Class Initialized
INFO - 2018-02-25 22:25:17 --> Model "User_model" initialized
INFO - 2018-02-25 22:25:17 --> Config Class Initialized
INFO - 2018-02-25 22:25:17 --> Hooks Class Initialized
DEBUG - 2018-02-25 22:25:17 --> UTF-8 Support Enabled
INFO - 2018-02-25 22:25:17 --> Utf8 Class Initialized
INFO - 2018-02-25 22:25:17 --> URI Class Initialized
INFO - 2018-02-25 22:25:17 --> Router Class Initialized
INFO - 2018-02-25 22:25:17 --> Output Class Initialized
INFO - 2018-02-25 22:25:17 --> Security Class Initialized
DEBUG - 2018-02-25 22:25:17 --> Global POST, GET and COOKIE data sanitized
INFO - 2018-02-25 22:25:17 --> Input Class Initialized
INFO - 2018-02-25 22:25:17 --> Language Class Initialized
INFO - 2018-02-25 22:25:17 --> Loader Class Initialized
INFO - 2018-02-25 22:25:17 --> Helper loaded: date_helper
INFO - 2018-02-25 22:25:17 --> Database Driver Class Initialized
INFO - 2018-02-25 22:25:17 --> Email Class Initialized
DEBUG - 2018-02-25 22:25:17 --> Session: "sess_save_path" is empty; using "session.save_path" value from php.ini.
INFO - 2018-02-25 22:25:17 --> Session: Class initialized using 'files' driver.
INFO - 2018-02-25 22:25:17 --> Controller Class Initialized
INFO - 2018-02-25 22:25:17 --> Helper loaded: common_helper
INFO - 2018-02-25 22:25:17 --> Helper loaded: url_helper
INFO - 2018-02-25 22:25:17 --> Helper loaded: html_helper
INFO - 2018-02-25 22:25:17 --> Helper loaded: form_helper
INFO - 2018-02-25 22:25:17 --> Helper loaded: security_helper
DEBUG - 2018-02-25 22:25:17 --> Session class already loaded. Second attempt ignored.
INFO - 2018-02-25 22:25:17 --> Form Validation Class Initialized
INFO - 2018-02-25 22:25:17 --> Model "User_model" initialized
INFO - 2018-02-25 22:25:17 --> File loaded: /Users/Sami/Dropbox (Personal)/Workspace/Ballorah-community/application/views/login_view.php
INFO - 2018-02-25 22:25:17 --> Final output sent to browser
DEBUG - 2018-02-25 22:25:17 --> Total execution time: 0.0541
INFO - 2018-02-25 22:25:35 --> Config Class Initialized
INFO - 2018-02-25 22:25:35 --> Hooks Class Initialized
DEBUG - 2018-02-25 22:25:35 --> UTF-8 Support Enabled
INFO - 2018-02-25 22:25:35 --> Utf8 Class Initialized
INFO - 2018-02-25 22:25:35 --> URI Class Initialized
INFO - 2018-02-25 22:25:35 --> Router Class Initialized
INFO - 2018-02-25 22:25:35 --> Output Class Initialized
INFO - 2018-02-25 22:25:35 --> Security Class Initialized
DEBUG - 2018-02-25 22:25:35 --> Global POST, GET and COOKIE data sanitized
INFO - 2018-02-25 22:25:35 --> Input Class Initialized
INFO - 2018-02-25 22:25:35 --> Language Class Initialized
INFO - 2018-02-25 22:25:35 --> Loader Class Initialized
INFO - 2018-02-25 22:25:35 --> Helper loaded: date_helper
INFO - 2018-02-25 22:25:35 --> Database Driver Class Initialized
INFO - 2018-02-25 22:25:35 --> Email Class Initialized
DEBUG - 2018-02-25 22:25:35 --> Session: "sess_save_path" is empty; using "session.save_path" value from php.ini.
INFO - 2018-02-25 22:25:35 --> Session: Class initialized using 'files' driver.
INFO - 2018-02-25 22:25:35 --> Controller Class Initialized
INFO - 2018-02-25 22:25:35 --> Helper loaded: common_helper
INFO - 2018-02-25 22:25:35 --> Helper loaded: url_helper
INFO - 2018-02-25 22:25:35 --> Helper loaded: html_helper
INFO - 2018-02-25 22:25:35 --> Helper loaded: form_helper
INFO - 2018-02-25 22:25:35 --> Helper loaded: security_helper
DEBUG - 2018-02-25 22:25:35 --> Session class already loaded. Second attempt ignored.
INFO - 2018-02-25 22:25:35 --> Form Validation Class Initialized
INFO - 2018-02-25 22:25:35 --> Model "User_model" initialized
INFO - 2018-02-25 22:25:35 --> File loaded: /Users/Sami/Dropbox (Personal)/Workspace/Ballorah-community/application/views/login_view.php
INFO - 2018-02-25 22:25:35 --> Final output sent to browser
DEBUG - 2018-02-25 22:25:35 --> Total execution time: 0.0151
